<?xml version="1.0" encoding="UTF-8"?>
<!-- Generated by org.testng.reporters.JUnitReportReporter -->
<testsuite skipped="0" hostname="DESKTOP-8R9F2IH" name="Maven.Maven_TestNGIntegration.RestAPITest" tests="2" failures="0" timestamp="30 Sep 2019 14:24:36 GMT" time="0.000" errors="0">
  <testcase name="deleteTwitter" time="0.000" classname="Maven.Maven_TestNGIntegration.RestAPITest"/>
  <testcase name="postJira" time="0.000" classname="Maven.Maven_TestNGIntegration.RestAPITest"/>
</testsuite> <!-- Maven.Maven_TestNGIntegration.RestAPITest -->
