<?xml version="1.0" encoding="UTF-8"?>
<!-- Generated by org.testng.reporters.JUnitReportReporter -->
<testsuite skipped="0" hostname="DESKTOP-8R9F2IH" name="Maven.Maven_TestNGIntegration.SeleniumTest" tests="2" failures="0" timestamp="30 Sep 2019 14:24:36 GMT" time="0.004" errors="0">
  <testcase name="BrowserAUtomation" time="0.004" classname="Maven.Maven_TestNGIntegration.SeleniumTest"/>
  <testcase name="elementsUi" time="0.000" classname="Maven.Maven_TestNGIntegration.SeleniumTest"/>
</testsuite> <!-- Maven.Maven_TestNGIntegration.SeleniumTest -->
