<?xml version="1.0" encoding="UTF-8"?>
<!-- Generated by org.testng.reporters.JUnitReportReporter -->
<testsuite skipped="0" hostname="DESKTOP-8R9F2IH" name="Maven.Maven_TestNGIntegration.AppiumTest" tests="2" failures="0" timestamp="30 Sep 2019 14:24:36 GMT" time="0.008" errors="0">
  <testcase name="IOSApps" time="0.008" classname="Maven.Maven_TestNGIntegration.AppiumTest"/>
  <testcase name="NativeAPpAndroid" time="0.000" classname="Maven.Maven_TestNGIntegration.AppiumTest"/>
</testsuite> <!-- Maven.Maven_TestNGIntegration.AppiumTest -->
